<?xml version="1.0" encoding="UTF-8"?>
<!-- Generated by org.testng.reporters.JUnitReportReporter -->
<testsuite hostname="LAPTOP-46RMMBRN" failures="0" tests="1" name="cogTestNG.TryTestNG1" time="2.973" errors="0" timestamp="2022-01-15T12:34:31 CST" skipped="0">
  <testcase classname="cogTestNG.TryTestNG1" name="tngmethod1" time="2.973"/>
  <system-out/>
</testsuite> <!-- cogTestNG.TryTestNG1 -->
